<?xml version="1.0" encoding="UTF-8"?>
<!-- Generated by org.testng.reporters.JUnitReportReporter -->
<testsuite hostname="LAPTOP-JO5RSEIK" failures="0" tests="4" name="tests.RegisterFormTest" time="5.336" errors="0" timestamp="2024-01-25T22:15:53 EET" skipped="0">
  <testcase classname="tests.RegisterFormTest" name="checkVisability" time="0.144"/>
  <system-out/>
  <testcase classname="tests.RegisterFormTest" name="navigteToRegisterForm" time="0.488"/>
  <system-out/>
  <testcase classname="tests.RegisterFormTest" name="fillFormWithValiddata" time="3.325"/>
  <system-out/>
  <testcase classname="tests.RegisterFormTest" name="fillFormWithInValiddata" time="1.379"/>
  <system-out/>
</testsuite> <!-- tests.RegisterFormTest -->
