<?xml version="1.0" encoding="UTF-8"?>
<!-- Generated by org.testng.reporters.JUnitReportReporter -->
<testsuite hostname="LAPTOP-JO5RSEIK" failures="0" tests="3" name="tests.searchTest" time="10.782" errors="0" timestamp="2023-12-27T13:51:20 EET" skipped="0">
  <testcase classname="tests.searchTest" name="navigteToPetro" time="9.180"/>
  <system-out/>
  <testcase classname="tests.searchTest" name="fillForm" time="1.518"/>
  <system-out/>
  <testcase classname="tests.searchTest" name="validateTableData" time="0.084"/>
  <system-out/>
</testsuite> <!-- tests.searchTest -->
